# JRE version: OpenJDK Runtime Environment (23.0+37) (build 23+37-2369)
# Java VM: OpenJDK 64-Bit Server VM (23+37-2369, mixed mode, sharing, tiered, compressed oops, compressed class ptrs, g1 gc, windows-amd64)
GC Precious Log:
 CardTable entry size: 512
 Card Set container configuration: InlinePtr #cards 5 size 8 Array Of Cards #cards 10 size 36 Howl #buckets 4 coarsen threshold 1843 Howl Bitmap #cards 512 size 80 coarsen threshold 460 Card regions per heap region 1 cards per card region 2048
 CPUs: 2 total, 2 available
 Memory: 3737M
 Large Page Support: Disabled
 NUMA Support: Disabled
 Compressed Oops: Enabled (32-bit)
 Heap Region Size: 1M
 Heap Min Capacity: 8M
 Heap Initial Capacity: 60M
 Heap Max Capacity: 2G
 Pre-touch: Disabled
 Parallel Workers: 2
 Concurrent Workers: 1
 Concurrent Refinement Workers: 2
 Periodic GC: Disabled
Heap:
 garbage-first heap   total reserved 2097152K, committed 304128K, used 186519K [0x0000000080000000, 0x0000000100000000)
  region size 1024K, 2 young (2048K), 2 survivors (2048K)
 Metaspace       used 96268K, committed 99456K, reserved 1179648K
  class space    used 13145K, committed 14592K, reserved 1048576K
GC Heap History (20 events):
Event: 728.023 GC heap after
{Heap after GC invocations=51 (full 0):
 garbage-first heap   total reserved 2097152K, committed 301056K, used 183296K [0x0000000080000000, 0x0000000100000000)
  region size 1024K, 5 young (5120K), 5 survivors (5120K)
 Metaspace       used 96003K, committed 98176K, reserved 1179648K
  class space    used 13358K, committed 14400K, reserved 1048576K
}
Event: 2117.349 GC heap before
{Heap before GC invocations=51 (full 0):
 garbage-first heap   total reserved 2097152K, committed 301056K, used 268288K [0x0000000080000000, 0x0000000100000000)
  region size 1024K, 89 young (91136K), 5 survivors (5120K)
 Metaspace       used 97240K, committed 99456K, reserved 1179648K
  class space    used 13533K, committed 14592K, reserved 1048576K
}
Event: 2118.339 GC heap after
{Heap after GC invocations=52 (full 0):
 garbage-first heap   total reserved 2097152K, committed 301056K, used 183292K [0x0000000080000000, 0x0000000100000000)
  region size 1024K, 5 young (5120K), 5 survivors (5120K)
 Metaspace       used 97240K, committed 99456K, reserved 1179648K
  class space    used 13533K, committed 14592K, reserved 1048576K
}
Event: 3586.886 GC heap before
{Heap before GC invocations=52 (full 0):
 garbage-first heap   total reserved 2097152K, committed 301056K, used 200700K [0x0000000080000000, 0x0000000100000000)
  region size 1024K, 23 young (23552K), 5 survivors (5120K)
 Metaspace       used 97265K, committed 99456K, reserved 1179648K
  class space    used 13533K, committed 14592K, reserved 1048576K
}
Event: 3586.960 GC heap after
{Heap after GC invocations=53 (full 0):
 garbage-first heap   total reserved 2097152K, committed 301056K, used 183175K [0x0000000080000000, 0x0000000100000000)
  region size 1024K, 1 young (1024K), 1 survivors (1024K)
 Metaspace       used 97265K, committed 99456K, reserved 1179648K
  class space    used 13533K, committed 14592K, reserved 1048576K
}
Event: 3596.242 GC heap before
{Heap before GC invocations=54 (full 0):
 garbage-first heap   total reserved 2097152K, committed 304128K, used 195463K [0x0000000080000000, 0x0000000100000000)
  region size 1024K, 14 young (14336K), 1 survivors (1024K)
 Metaspace       used 94785K, committed 99456K, reserved 1179648K
  class space    used 12910K, committed 14592K, reserved 1048576K
}
Event: 3596.274 GC heap after
{Heap after GC invocations=55 (full 0):
 garbage-first heap   total reserved 2097152K, committed 304128K, used 181875K [0x0000000080000000, 0x0000000100000000)
  region size 1024K, 1 young (1024K), 1 survivors (1024K)
 Metaspace       used 94785K, committed 99456K, reserved 1179648K
  class space    used 12910K, committed 14592K, reserved 1048576K
}
Event: 4327.258 GC heap before
{Heap before GC invocations=55 (full 0):
 garbage-first heap   total reserved 2097152K, committed 304128K, used 198259K [0x0000000080000000, 0x0000000100000000)
  region size 1024K, 17 young (17408K), 1 survivors (1024K)
 Metaspace       used 94788K, committed 99456K, reserved 1179648K
  class space    used 12910K, committed 14592K, reserved 1048576K
}
Event: 4327.343 GC heap after
{Heap after GC invocations=56 (full 0):
 garbage-first heap   total reserved 2097152K, committed 304128K, used 181177K [0x0000000080000000, 0x0000000100000000)
  region size 1024K, 1 young (1024K), 1 survivors (1024K)
 Metaspace       used 94788K, committed 99456K, reserved 1179648K
  class space    used 12910K, committed 14592K, reserved 1048576K
}
Event: 6004.414 GC heap before
{Heap before GC invocations=56 (full 0):
 garbage-first heap   total reserved 2097152K, committed 304128K, used 219065K [0x0000000080000000, 0x0000000100000000)
  region size 1024K, 38 young (38912K), 1 survivors (1024K)
 Metaspace       used 94837K, committed 99456K, reserved 1179648K
  class space    used 12923K, committed 14592K, reserved 1048576K
}
Event: 6004.783 GC heap after
{Heap after GC invocations=57 (full 0):
 garbage-first heap   total reserved 2097152K, committed 304128K, used 181017K [0x0000000080000000, 0x0000000100000000)
  region size 1024K, 1 young (1024K), 1 survivors (1024K)
 Metaspace       used 94837K, committed 99456K, reserved 1179648K
  class space    used 12923K, committed 14592K, reserved 1048576K
}
Event: 6013.219 GC heap before
{Heap before GC invocations=57 (full 0):
 garbage-first heap   total reserved 2097152K, committed 304128K, used 194329K [0x0000000080000000, 0x0000000100000000)
  region size 1024K, 14 young (14336K), 1 survivors (1024K)
 Metaspace       used 95096K, committed 99456K, reserved 1179648K
  class space    used 12987K, committed 14592K, reserved 1048576K
}
Event: 6013.495 GC heap after
{Heap after GC invocations=58 (full 0):
 garbage-first heap   total reserved 2097152K, committed 304128K, used 180949K [0x0000000080000000, 0x0000000100000000)
  region size 1024K, 2 young (2048K), 2 survivors (2048K)
 Metaspace       used 95096K, committed 99456K, reserved 1179648K
  class space    used 12987K, committed 14592K, reserved 1048576K
}
Event: 6018.834 GC heap before
{Heap before GC invocations=58 (full 0):
 garbage-first heap   total reserved 2097152K, committed 304128K, used 192213K [0x0000000080000000, 0x0000000100000000)
  region size 1024K, 14 young (14336K), 2 survivors (2048K)
 Metaspace       used 95192K, committed 99456K, reserved 1179648K
  class space    used 13006K, committed 14592K, reserved 1048576K
}
Event: 6018.999 GC heap after
{Heap after GC invocations=59 (full 0):
 garbage-first heap   total reserved 2097152K, committed 304128K, used 182189K [0x0000000080000000, 0x0000000100000000)
  region size 1024K, 2 young (2048K), 2 survivors (2048K)
 Metaspace       used 95192K, committed 99456K, reserved 1179648K
  class space    used 13006K, committed 14592K, reserved 1048576K
}
Event: 6021.358 GC heap before
{Heap before GC invocations=59 (full 0):
 garbage-first heap   total reserved 2097152K, committed 304128K, used 193453K [0x0000000080000000, 0x0000000100000000)
  region size 1024K, 14 young (14336K), 2 survivors (2048K)
 Metaspace       used 95319K, committed 99456K, reserved 1179648K
  class space    used 13027K, committed 14592K, reserved 1048576K
}
Event: 6021.463 GC heap after
{Heap after GC invocations=60 (full 0):
 garbage-first heap   total reserved 2097152K, committed 304128K, used 182930K [0x0000000080000000, 0x0000000100000000)
  region size 1024K, 2 young (2048K), 2 survivors (2048K)
 Metaspace       used 95319K, committed 99456K, reserved 1179648K
  class space    used 13027K, committed 14592K, reserved 1048576K
}
Event: 6024.502 GC heap before
{Heap before GC invocations=60 (full 0):
 garbage-first heap   total reserved 2097152K, committed 304128K, used 195218K [0x0000000080000000, 0x0000000100000000)
  region size 1024K, 14 young (14336K), 2 survivors (2048K)
 Metaspace       used 95623K, committed 99456K, reserved 1179648K
  class space    used 13058K, committed 14592K, reserved 1048576K
}
Event: 6024.679 GC heap after
{Heap after GC invocations=61 (full 0):
 garbage-first heap   total reserved 2097152K, committed 304128K, used 184977K [0x0000000080000000, 0x0000000100000000)
  region size 1024K, 2 young (2048K), 2 survivors (2048K)
 Metaspace       used 95623K, committed 99456K, reserved 1179648K
  class space    used 13058K, committed 14592K, reserved 1048576K
}
Event: 6028.861 GC heap before
{Heap before GC invocations=61 (full 0):
 garbage-first heap   total reserved 2097152K, committed 304128K, used 197265K [0x0000000080000000, 0x0000000100000000)
  region size 1024K, 14 young (14336K), 2 survivors (2048K)
 Metaspace       used 96268K, committed 99456K, reserved 1179648K
  class space    used 13145K, committed 14592K, reserved 1048576K
}

