# JRE version: OpenJDK Runtime Environment (17.0.6) (build 17.0.6+0-b2043.56-10027231)
# Java VM: OpenJDK 64-Bit Server VM (17.0.6+0-b2043.56-10027231, mixed mode, tiered, compressed oops, compressed class ptrs, g1 gc, windows-amd64)
GC Precious Log:
 CPUs: 2 total, 2 available
 Memory: 3737M
 Large Page Support: Disabled
 NUMA Support: Disabled
 Compressed Oops: Enabled (32-bit)
 Heap Region Size: 1M
 Heap Min Capacity: 8M
 Heap Initial Capacity: 60M
 Heap Max Capacity: 2G
 Pre-touch: Disabled
 Parallel Workers: 2
 Concurrent Workers: 1
 Concurrent Refinement Workers: 2
 Periodic GC: Disabled
Heap:
 garbage-first heap   total 149504K, used 82081K [0x0000000080000000, 0x0000000100000000)
  region size 1024K, 50 young (51200K), 5 survivors (5120K)
 Metaspace       used 55080K, committed 55488K, reserved 1097728K
  class space    used 7313K, committed 7488K, reserved 1048576K
GC Heap History (20 events):
Event: 18.111 GC heap before
{Heap before GC invocations=8 (full 0):
 garbage-first heap   total 61440K, used 40910K [0x0000000080000000, 0x0000000100000000)
  region size 1024K, 23 young (23552K), 1 survivors (1024K)
 Metaspace       used 24985K, committed 25280K, reserved 1073152K
  class space    used 3218K, committed 3328K, reserved 1048576K
}
Event: 18.118 GC heap after
{Heap after GC invocations=9 (full 0):
 garbage-first heap   total 61440K, used 19605K [0x0000000080000000, 0x0000000100000000)
  region size 1024K, 2 young (2048K), 2 survivors (2048K)
 Metaspace       used 24985K, committed 25280K, reserved 1073152K
  class space    used 3218K, committed 3328K, reserved 1048576K
}
Event: 18.188 GC heap before
{Heap before GC invocations=9 (full 0):
 garbage-first heap   total 61440K, used 20629K [0x0000000080000000, 0x0000000100000000)
  region size 1024K, 3 young (3072K), 2 survivors (2048K)
 Metaspace       used 25088K, committed 25408K, reserved 1073152K
  class space    used 3236K, committed 3392K, reserved 1048576K
}
Event: 18.196 GC heap after
{Heap after GC invocations=10 (full 0):
 garbage-first heap   total 61440K, used 19645K [0x0000000080000000, 0x0000000100000000)
  region size 1024K, 1 young (1024K), 1 survivors (1024K)
 Metaspace       used 25088K, committed 25408K, reserved 1073152K
  class space    used 3236K, committed 3392K, reserved 1048576K
}
Event: 20.075 GC heap before
{Heap before GC invocations=10 (full 0):
 garbage-first heap   total 61440K, used 44221K [0x0000000080000000, 0x0000000100000000)
  region size 1024K, 25 young (25600K), 1 survivors (1024K)
 Metaspace       used 28989K, committed 29312K, reserved 1081344K
  class space    used 3876K, committed 4032K, reserved 1048576K
}
Event: 20.083 GC heap after
{Heap after GC invocations=11 (full 0):
 garbage-first heap   total 61440K, used 21157K [0x0000000080000000, 0x0000000100000000)
  region size 1024K, 2 young (2048K), 2 survivors (2048K)
 Metaspace       used 28989K, committed 29312K, reserved 1081344K
  class space    used 3876K, committed 4032K, reserved 1048576K
}
Event: 21.216 GC heap before
{Heap before GC invocations=11 (full 0):
 garbage-first heap   total 61440K, used 44709K [0x0000000080000000, 0x0000000100000000)
  region size 1024K, 26 young (26624K), 2 survivors (2048K)
 Metaspace       used 32306K, committed 32640K, reserved 1081344K
  class space    used 4432K, committed 4544K, reserved 1048576K
}
Event: 21.226 GC heap after
{Heap after GC invocations=12 (full 0):
 garbage-first heap   total 61440K, used 22237K [0x0000000080000000, 0x0000000100000000)
  region size 1024K, 3 young (3072K), 3 survivors (3072K)
 Metaspace       used 32306K, committed 32640K, reserved 1081344K
  class space    used 4432K, committed 4544K, reserved 1048576K
}
Event: 22.511 GC heap before
{Heap before GC invocations=12 (full 0):
 garbage-first heap   total 61440K, used 36573K [0x0000000080000000, 0x0000000100000000)
  region size 1024K, 19 young (19456K), 3 survivors (3072K)
 Metaspace       used 35656K, committed 35968K, reserved 1081344K
  class space    used 4874K, committed 5056K, reserved 1048576K
}
Event: 22.524 GC heap after
{Heap after GC invocations=13 (full 0):
 garbage-first heap   total 61440K, used 24201K [0x0000000080000000, 0x0000000100000000)
  region size 1024K, 3 young (3072K), 3 survivors (3072K)
 Metaspace       used 35656K, committed 35968K, reserved 1081344K
  class space    used 4874K, committed 5056K, reserved 1048576K
}
Event: 23.992 GC heap before
{Heap before GC invocations=14 (full 0):
 garbage-first heap   total 61440K, used 45705K [0x0000000080000000, 0x0000000100000000)
  region size 1024K, 25 young (25600K), 3 survivors (3072K)
 Metaspace       used 40536K, committed 40832K, reserved 1089536K
  class space    used 5360K, committed 5504K, reserved 1048576K
}
Event: 24.007 GC heap after
{Heap after GC invocations=15 (full 0):
 garbage-first heap   total 61440K, used 27096K [0x0000000080000000, 0x0000000100000000)
  region size 1024K, 4 young (4096K), 4 survivors (4096K)
 Metaspace       used 40536K, committed 40832K, reserved 1089536K
  class space    used 5360K, committed 5504K, reserved 1048576K
}
Event: 24.015 GC heap before
{Heap before GC invocations=15 (full 0):
 garbage-first heap   total 61440K, used 28120K [0x0000000080000000, 0x0000000100000000)
  region size 1024K, 5 young (5120K), 4 survivors (4096K)
 Metaspace       used 40536K, committed 40832K, reserved 1089536K
  class space    used 5360K, committed 5504K, reserved 1048576K
}
Event: 24.030 GC heap after
{Heap after GC invocations=16 (full 0):
 garbage-first heap   total 61440K, used 27649K [0x0000000080000000, 0x0000000100000000)
  region size 1024K, 1 young (1024K), 1 survivors (1024K)
 Metaspace       used 40536K, committed 40832K, reserved 1089536K
  class space    used 5360K, committed 5504K, reserved 1048576K
}
Event: 24.825 GC heap before
{Heap before GC invocations=16 (full 0):
 garbage-first heap   total 61440K, used 43009K [0x0000000080000000, 0x0000000100000000)
  region size 1024K, 17 young (17408K), 1 survivors (1024K)
 Metaspace       used 41232K, committed 41536K, reserved 1089536K
  class space    used 5444K, committed 5568K, reserved 1048576K
}
Event: 24.836 GC heap after
{Heap after GC invocations=17 (full 0):
 garbage-first heap   total 61440K, used 29722K [0x0000000080000000, 0x0000000100000000)
  region size 1024K, 3 young (3072K), 3 survivors (3072K)
 Metaspace       used 41232K, committed 41536K, reserved 1089536K
  class space    used 5444K, committed 5568K, reserved 1048576K
}
Event: 24.840 GC heap before
{Heap before GC invocations=17 (full 0):
 garbage-first heap   total 61440K, used 30746K [0x0000000080000000, 0x0000000100000000)
  region size 1024K, 4 young (4096K), 3 survivors (3072K)
 Metaspace       used 41232K, committed 41536K, reserved 1089536K
  class space    used 5444K, committed 5568K, reserved 1048576K
}
Event: 24.850 GC heap after
{Heap after GC invocations=18 (full 0):
 garbage-first heap   total 149504K, used 30377K [0x0000000080000000, 0x0000000100000000)
  region size 1024K, 1 young (1024K), 1 survivors (1024K)
 Metaspace       used 41232K, committed 41536K, reserved 1089536K
  class space    used 5444K, committed 5568K, reserved 1048576K
}
Event: 34.514 GC heap before
{Heap before GC invocations=18 (full 0):
 garbage-first heap   total 149504K, used 119465K [0x0000000080000000, 0x0000000100000000)
  region size 1024K, 85 young (87040K), 1 survivors (1024K)
 Metaspace       used 52429K, committed 52928K, reserved 1097728K
  class space    used 7024K, committed 7232K, reserved 1048576K
}
Event: 34.549 GC heap after
{Heap after GC invocations=19 (full 0):
 garbage-first heap   total 149504K, used 33953K [0x0000000080000000, 0x0000000100000000)
  region size 1024K, 5 young (5120K), 5 survivors (5120K)
 Metaspace       used 52429K, committed 52928K, reserved 1097728K
  class space    used 7024K, committed 7232K, reserved 1048576K
}

