# JRE version: OpenJDK Runtime Environment (23.0+37) (build 23+37-2369)
# Java VM: OpenJDK 64-Bit Server VM (23+37-2369, mixed mode, sharing, tiered, compressed oops, compressed class ptrs, g1 gc, windows-amd64)
GC Precious Log:
 CardTable entry size: 512
 Card Set container configuration: InlinePtr #cards 5 size 8 Array Of Cards #cards 10 size 36 Howl #buckets 4 coarsen threshold 1843 Howl Bitmap #cards 512 size 80 coarsen threshold 460 Card regions per heap region 1 cards per card region 2048
 CPUs: 2 total, 2 available
 Memory: 3737M
 Large Page Support: Disabled
 NUMA Support: Disabled
 Compressed Oops: Enabled (32-bit)
 Heap Region Size: 1M
 Heap Min Capacity: 8M
 Heap Initial Capacity: 60M
 Heap Max Capacity: 2G
 Pre-touch: Disabled
 Parallel Workers: 2
 Concurrent Workers: 1
 Concurrent Refinement Workers: 2
 Periodic GC: Disabled
Heap:
 garbage-first heap   total reserved 2097152K, committed 442368K, used 310272K [0x0000000080000000, 0x0000000100000000)
  region size 1024K, 1 young (1024K), 1 survivors (1024K)
 Metaspace       used 115034K, committed 117312K, reserved 1179648K
  class space    used 15992K, committed 17088K, reserved 1048576K
GC Heap History (20 events):
Event: 1677.608 GC heap after
{Heap after GC invocations=53 (full 0):
 garbage-first heap   total reserved 2097152K, committed 301056K, used 205573K [0x0000000080000000, 0x0000000100000000)
  region size 1024K, 1 young (1024K), 1 survivors (1024K)
 Metaspace       used 101510K, committed 103744K, reserved 1179648K
  class space    used 14050K, committed 15104K, reserved 1048576K
}
Event: 1680.290 GC heap before
{Heap before GC invocations=53 (full 0):
 garbage-first heap   total reserved 2097152K, committed 301056K, used 235269K [0x0000000080000000, 0x0000000100000000)
  region size 1024K, 31 young (31744K), 1 survivors (1024K)
 Metaspace       used 103081K, committed 105344K, reserved 1179648K
  class space    used 14217K, committed 15296K, reserved 1048576K
}
Event: 1680.330 GC heap after
{Heap after GC invocations=54 (full 0):
 garbage-first heap   total reserved 2097152K, committed 368640K, used 214789K [0x0000000080000000, 0x0000000100000000)
  region size 1024K, 9 young (9216K), 9 survivors (9216K)
 Metaspace       used 103081K, committed 105344K, reserved 1179648K
  class space    used 14217K, committed 15296K, reserved 1048576K
}
Event: 1682.740 GC heap before
{Heap before GC invocations=54 (full 0):
 garbage-first heap   total reserved 2097152K, committed 368640K, used 251653K [0x0000000080000000, 0x0000000100000000)
  region size 1024K, 38 young (38912K), 9 survivors (9216K)
 Metaspace       used 103492K, committed 105792K, reserved 1179648K
  class space    used 14258K, committed 15360K, reserved 1048576K
}
Event: 1682.755 GC heap after
{Heap after GC invocations=55 (full 0):
 garbage-first heap   total reserved 2097152K, committed 368640K, used 206618K [0x0000000080000000, 0x0000000100000000)
  region size 1024K, 1 young (1024K), 1 survivors (1024K)
 Metaspace       used 103492K, committed 105792K, reserved 1179648K
  class space    used 14258K, committed 15360K, reserved 1048576K
}
Event: 1691.786 GC heap before
{Heap before GC invocations=55 (full 0):
 garbage-first heap   total reserved 2097152K, committed 368640K, used 315162K [0x0000000080000000, 0x0000000100000000)
  region size 1024K, 108 young (110592K), 1 survivors (1024K)
 Metaspace       used 106412K, committed 108672K, reserved 1179648K
  class space    used 14639K, committed 15744K, reserved 1048576K
}
Event: 1691.965 GC heap after
{Heap after GC invocations=56 (full 0):
 garbage-first heap   total reserved 2097152K, committed 368640K, used 217882K [0x0000000080000000, 0x0000000100000000)
  region size 1024K, 12 young (12288K), 12 survivors (12288K)
 Metaspace       used 106412K, committed 108672K, reserved 1179648K
  class space    used 14639K, committed 15744K, reserved 1048576K
}
Event: 1692.756 GC heap before
{Heap before GC invocations=56 (full 0):
 garbage-first heap   total reserved 2097152K, committed 368640K, used 235290K [0x0000000080000000, 0x0000000100000000)
  region size 1024K, 30 young (30720K), 12 survivors (12288K)
 Metaspace       used 106432K, committed 108672K, reserved 1179648K
  class space    used 14641K, committed 15744K, reserved 1048576K
}
Event: 1692.867 GC heap after
{Heap after GC invocations=57 (full 0):
 garbage-first heap   total reserved 2097152K, committed 368640K, used 218112K [0x0000000080000000, 0x0000000100000000)
  region size 1024K, 1 young (1024K), 1 survivors (1024K)
 Metaspace       used 106432K, committed 108672K, reserved 1179648K
  class space    used 14641K, committed 15744K, reserved 1048576K
}
Event: 1696.403 GC heap before
{Heap before GC invocations=57 (full 0):
 garbage-first heap   total reserved 2097152K, committed 368640K, used 285696K [0x0000000080000000, 0x0000000100000000)
  region size 1024K, 41 young (41984K), 1 survivors (1024K)
 Metaspace       used 109761K, committed 112000K, reserved 1179648K
  class space    used 15112K, committed 16192K, reserved 1048576K
}
Event: 1696.457 GC heap after
{Heap after GC invocations=58 (full 0):
 garbage-first heap   total reserved 2097152K, committed 368640K, used 243701K [0x0000000080000000, 0x0000000100000000)
  region size 1024K, 8 young (8192K), 8 survivors (8192K)
 Metaspace       used 109761K, committed 112000K, reserved 1179648K
  class space    used 15112K, committed 16192K, reserved 1048576K
}
Event: 1696.605 GC heap before
{Heap before GC invocations=58 (full 0):
 garbage-first heap   total reserved 2097152K, committed 368640K, used 250869K [0x0000000080000000, 0x0000000100000000)
  region size 1024K, 9 young (9216K), 8 survivors (8192K)
 Metaspace       used 109761K, committed 112000K, reserved 1179648K
  class space    used 15112K, committed 16192K, reserved 1048576K
}
Event: 1696.655 GC heap after
{Heap after GC invocations=59 (full 0):
 garbage-first heap   total reserved 2097152K, committed 368640K, used 247808K [0x0000000080000000, 0x0000000100000000)
  region size 1024K, 1 young (1024K), 1 survivors (1024K)
 Metaspace       used 109761K, committed 112000K, reserved 1179648K
  class space    used 15112K, committed 16192K, reserved 1048576K
}
Event: 1698.698 GC heap before
{Heap before GC invocations=59 (full 0):
 garbage-first heap   total reserved 2097152K, committed 368640K, used 300032K [0x0000000080000000, 0x0000000100000000)
  region size 1024K, 46 young (47104K), 1 survivors (1024K)
 Metaspace       used 110087K, committed 112384K, reserved 1179648K
  class space    used 15157K, committed 16256K, reserved 1048576K
}
Event: 1698.786 GC heap after
{Heap after GC invocations=60 (full 0):
 garbage-first heap   total reserved 2097152K, committed 368640K, used 265728K [0x0000000080000000, 0x0000000100000000)
  region size 1024K, 6 young (6144K), 6 survivors (6144K)
 Metaspace       used 110087K, committed 112384K, reserved 1179648K
  class space    used 15157K, committed 16256K, reserved 1048576K
}
Event: 1703.554 GC heap before
{Heap before GC invocations=61 (full 0):
 garbage-first heap   total reserved 2097152K, committed 442368K, used 284160K [0x0000000080000000, 0x0000000100000000)
  region size 1024K, 25 young (25600K), 6 survivors (6144K)
 Metaspace       used 112404K, committed 114688K, reserved 1179648K
  class space    used 15639K, committed 16704K, reserved 1048576K
}
Event: 1703.692 GC heap after
{Heap after GC invocations=62 (full 0):
 garbage-first heap   total reserved 2097152K, committed 442368K, used 271872K [0x0000000080000000, 0x0000000100000000)
  region size 1024K, 4 young (4096K), 4 survivors (4096K)
 Metaspace       used 112404K, committed 114688K, reserved 1179648K
  class space    used 15639K, committed 16704K, reserved 1048576K
}
Event: 1706.230 GC heap before
{Heap before GC invocations=62 (full 0):
 garbage-first heap   total reserved 2097152K, committed 442368K, used 355840K [0x0000000080000000, 0x0000000100000000)
  region size 1024K, 87 young (89088K), 4 survivors (4096K)
 Metaspace       used 112822K, committed 115072K, reserved 1179648K
  class space    used 15681K, committed 16768K, reserved 1048576K
}
Event: 1706.683 GC heap after
{Heap after GC invocations=63 (full 0):
 garbage-first heap   total reserved 2097152K, committed 442368K, used 308736K [0x0000000080000000, 0x0000000100000000)
  region size 1024K, 11 young (11264K), 11 survivors (11264K)
 Metaspace       used 112822K, committed 115072K, reserved 1179648K
  class space    used 15681K, committed 16768K, reserved 1048576K
}
Event: 1708.523 GC heap before
{Heap before GC invocations=63 (full 0):
 garbage-first heap   total reserved 2097152K, committed 442368K, used 318976K [0x0000000080000000, 0x0000000100000000)
  region size 1024K, 21 young (21504K), 11 survivors (11264K)
 Metaspace       used 115034K, committed 117312K, reserved 1179648K
  class space    used 15992K, committed 17088K, reserved 1048576K
}

