# JRE version: OpenJDK Runtime Environment (23.0+37) (build 23+37-2369)
# Java VM: OpenJDK 64-Bit Server VM (23+37-2369, mixed mode, sharing, tiered, compressed oops, compressed class ptrs, g1 gc, windows-amd64)
GC Precious Log:
 CardTable entry size: 512
 Card Set container configuration: InlinePtr #cards 5 size 8 Array Of Cards #cards 10 size 36 Howl #buckets 4 coarsen threshold 1843 Howl Bitmap #cards 512 size 80 coarsen threshold 460 Card regions per heap region 1 cards per card region 2048
 CPUs: 2 total, 2 available
 Memory: 3737M
 Large Page Support: Disabled
 NUMA Support: Disabled
 Compressed Oops: Enabled (32-bit)
 Heap Region Size: 1M
 Heap Min Capacity: 8M
 Heap Initial Capacity: 60M
 Heap Max Capacity: 2G
 Pre-touch: Disabled
 Parallel Workers: 2
 Concurrent Workers: 1
 Concurrent Refinement Workers: 2
 Periodic GC: Disabled
Heap:
 garbage-first heap   total reserved 2097152K, committed 316416K, used 226816K [0x0000000080000000, 0x0000000100000000)
  region size 1024K, 8 young (8192K), 8 survivors (8192K)
 Metaspace       used 103984K, committed 106112K, reserved 1179648K
  class space    used 14477K, committed 15488K, reserved 1048576K
GC Heap History (20 events):
Event: 55.703 GC heap after
{Heap after GC invocations=43 (full 0):
 garbage-first heap   total reserved 2097152K, committed 196608K, used 122678K [0x0000000080000000, 0x0000000100000000)
  region size 1024K, 7 young (7168K), 7 survivors (7168K)
 Metaspace       used 89111K, committed 91200K, reserved 1179648K
  class space    used 12401K, committed 13440K, reserved 1048576K
}
Event: 58.137 GC heap before
{Heap before GC invocations=43 (full 0):
 garbage-first heap   total reserved 2097152K, committed 196608K, used 167734K [0x0000000080000000, 0x0000000100000000)
  region size 1024K, 51 young (52224K), 7 survivors (7168K)
 Metaspace       used 90694K, committed 92800K, reserved 1179648K
  class space    used 12545K, committed 13568K, reserved 1048576K
}
Event: 58.152 GC heap after
{Heap after GC invocations=44 (full 0):
 garbage-first heap   total reserved 2097152K, committed 196608K, used 120690K [0x0000000080000000, 0x0000000100000000)
  region size 1024K, 3 young (3072K), 3 survivors (3072K)
 Metaspace       used 90694K, committed 92800K, reserved 1179648K
  class space    used 12545K, committed 13568K, reserved 1048576K
}
Event: 61.815 GC heap before
{Heap before GC invocations=44 (full 0):
 garbage-first heap   total reserved 2097152K, committed 196608K, used 168818K [0x0000000080000000, 0x0000000100000000)
  region size 1024K, 51 young (52224K), 3 survivors (3072K)
 Metaspace       used 92124K, committed 94272K, reserved 1179648K
  class space    used 12720K, committed 13760K, reserved 1048576K
}
Event: 61.823 GC heap after
{Heap after GC invocations=45 (full 0):
 garbage-first heap   total reserved 2097152K, committed 196608K, used 119154K [0x0000000080000000, 0x0000000100000000)
  region size 1024K, 1 young (1024K), 1 survivors (1024K)
 Metaspace       used 92124K, committed 94272K, reserved 1179648K
  class space    used 12720K, committed 13760K, reserved 1048576K
}
Event: 66.730 GC heap before
{Heap before GC invocations=46 (full 0):
 garbage-first heap   total reserved 2097152K, committed 196608K, used 150898K [0x0000000080000000, 0x0000000100000000)
  region size 1024K, 52 young (53248K), 1 survivors (1024K)
 Metaspace       used 92611K, committed 94720K, reserved 1179648K
  class space    used 12760K, committed 13760K, reserved 1048576K
}
Event: 66.747 GC heap after
{Heap after GC invocations=47 (full 0):
 garbage-first heap   total reserved 2097152K, committed 196608K, used 102556K [0x0000000080000000, 0x0000000100000000)
  region size 1024K, 4 young (4096K), 4 survivors (4096K)
 Metaspace       used 92611K, committed 94720K, reserved 1179648K
  class space    used 12760K, committed 13760K, reserved 1048576K
}
Event: 70.094 GC heap before
{Heap before GC invocations=47 (full 0):
 garbage-first heap   total reserved 2097152K, committed 196608K, used 194716K [0x0000000080000000, 0x0000000100000000)
  region size 1024K, 56 young (57344K), 4 survivors (4096K)
 Metaspace       used 96640K, committed 98752K, reserved 1179648K
  class space    used 13325K, committed 14336K, reserved 1048576K
}
Event: 70.306 GC heap after
{Heap after GC invocations=48 (full 0):
 garbage-first heap   total reserved 2097152K, committed 210944K, used 123686K [0x0000000080000000, 0x0000000100000000)
  region size 1024K, 8 young (8192K), 8 survivors (8192K)
 Metaspace       used 96640K, committed 98752K, reserved 1179648K
  class space    used 13325K, committed 14336K, reserved 1048576K
}
Event: 71.171 GC heap before
{Heap before GC invocations=48 (full 0):
 garbage-first heap   total reserved 2097152K, committed 210944K, used 152358K [0x0000000080000000, 0x0000000100000000)
  region size 1024K, 37 young (37888K), 8 survivors (8192K)
 Metaspace       used 96666K, committed 98816K, reserved 1179648K
  class space    used 13327K, committed 14336K, reserved 1048576K
}
Event: 71.243 GC heap after
{Heap after GC invocations=49 (full 0):
 garbage-first heap   total reserved 2097152K, committed 280576K, used 133822K [0x0000000080000000, 0x0000000100000000)
  region size 1024K, 8 young (8192K), 8 survivors (8192K)
 Metaspace       used 96666K, committed 98816K, reserved 1179648K
  class space    used 13327K, committed 14336K, reserved 1048576K
}
Event: 74.692 GC heap before
{Heap before GC invocations=49 (full 0):
 garbage-first heap   total reserved 2097152K, committed 280576K, used 220862K [0x0000000080000000, 0x0000000100000000)
  region size 1024K, 91 young (93184K), 8 survivors (8192K)
 Metaspace       used 99182K, committed 101312K, reserved 1179648K
  class space    used 13813K, committed 14848K, reserved 1048576K
}
Event: 74.983 GC heap after
{Heap after GC invocations=50 (full 0):
 garbage-first heap   total reserved 2097152K, committed 280576K, used 173056K [0x0000000080000000, 0x0000000100000000)
  region size 1024K, 12 young (12288K), 12 survivors (12288K)
 Metaspace       used 99182K, committed 101312K, reserved 1179648K
  class space    used 13813K, committed 14848K, reserved 1048576K
}
Event: 77.968 GC heap before
{Heap before GC invocations=50 (full 0):
 garbage-first heap   total reserved 2097152K, committed 280576K, used 229376K [0x0000000080000000, 0x0000000100000000)
  region size 1024K, 67 young (68608K), 12 survivors (12288K)
 Metaspace       used 102536K, committed 104640K, reserved 1179648K
  class space    used 14297K, committed 15296K, reserved 1048576K
}
Event: 78.127 GC heap after
{Heap after GC invocations=51 (full 0):
 garbage-first heap   total reserved 2097152K, committed 280576K, used 188928K [0x0000000080000000, 0x0000000100000000)
  region size 1024K, 9 young (9216K), 9 survivors (9216K)
 Metaspace       used 102536K, committed 104640K, reserved 1179648K
  class space    used 14297K, committed 15296K, reserved 1048576K
}
Event: 80.439 GC heap before
{Heap before GC invocations=52 (full 0):
 garbage-first heap   total reserved 2097152K, committed 316416K, used 239104K [0x0000000080000000, 0x0000000100000000)
  region size 1024K, 58 young (59392K), 9 survivors (9216K)
 Metaspace       used 103316K, committed 105472K, reserved 1179648K
  class space    used 14398K, committed 15424K, reserved 1048576K
}
Event: 80.496 GC heap after
{Heap after GC invocations=53 (full 0):
 garbage-first heap   total reserved 2097152K, committed 316416K, used 196608K [0x0000000080000000, 0x0000000100000000)
  region size 1024K, 7 young (7168K), 7 survivors (7168K)
 Metaspace       used 103316K, committed 105472K, reserved 1179648K
  class space    used 14398K, committed 15424K, reserved 1048576K
}
Event: 82.202 GC heap before
{Heap before GC invocations=53 (full 0):
 garbage-first heap   total reserved 2097152K, committed 316416K, used 240640K [0x0000000080000000, 0x0000000100000000)
  region size 1024K, 41 young (41984K), 7 survivors (7168K)
 Metaspace       used 103559K, committed 105664K, reserved 1179648K
  class space    used 14425K, committed 15424K, reserved 1048576K
}
Event: 82.249 GC heap after
{Heap after GC invocations=54 (full 0):
 garbage-first heap   total reserved 2097152K, committed 316416K, used 207040K [0x0000000080000000, 0x0000000100000000)
  region size 1024K, 4 young (4096K), 4 survivors (4096K)
 Metaspace       used 103559K, committed 105664K, reserved 1179648K
  class space    used 14425K, committed 15424K, reserved 1048576K
}
Event: 85.307 GC heap before
{Heap before GC invocations=54 (full 0):
 garbage-first heap   total reserved 2097152K, committed 316416K, used 273600K [0x0000000080000000, 0x0000000100000000)
  region size 1024K, 59 young (60416K), 4 survivors (4096K)
 Metaspace       used 103984K, committed 106112K, reserved 1179648K
  class space    used 14477K, committed 15488K, reserved 1048576K
}

