# JRE version: OpenJDK Runtime Environment (23.0+37) (build 23+37-2369)
# Java VM: OpenJDK 64-Bit Server VM (23+37-2369, mixed mode, sharing, tiered, compressed oops, compressed class ptrs, g1 gc, windows-amd64)
GC Precious Log:
 CardTable entry size: 512
 Card Set container configuration: InlinePtr #cards 5 size 8 Array Of Cards #cards 10 size 36 Howl #buckets 4 coarsen threshold 1843 Howl Bitmap #cards 512 size 80 coarsen threshold 460 Card regions per heap region 1 cards per card region 2048
 CPUs: 2 total, 2 available
 Memory: 3737M
 Large Page Support: Disabled
 NUMA Support: Disabled
 Compressed Oops: Enabled (32-bit)
 Heap Region Size: 1M
 Heap Min Capacity: 8M
 Heap Initial Capacity: 60M
 Heap Max Capacity: 2G
 Pre-touch: Disabled
 Parallel Workers: 2
 Concurrent Workers: 1
 Concurrent Refinement Workers: 2
 Periodic GC: Disabled
Heap:
 garbage-first heap   total reserved 2097152K, committed 260096K, used 157430K [0x0000000080000000, 0x0000000100000000)
  region size 1024K, 4 young (4096K), 4 survivors (4096K)
 Metaspace       used 80232K, committed 82304K, reserved 1179648K
  class space    used 11500K, committed 12480K, reserved 1048576K
GC Heap History (20 events):
Event: 56.763 GC heap after
{Heap after GC invocations=31 (full 0):
 garbage-first heap   total reserved 2097152K, committed 158720K, used 97725K [0x0000000080000000, 0x0000000100000000)
  region size 1024K, 3 young (3072K), 3 survivors (3072K)
 Metaspace       used 72681K, committed 74624K, reserved 1114112K
  class space    used 10428K, committed 11392K, reserved 1048576K
}
Event: 74.447 GC heap before
{Heap before GC invocations=31 (full 0):
 garbage-first heap   total reserved 2097152K, committed 158720K, used 157117K [0x0000000080000000, 0x0000000100000000)
  region size 1024K, 40 young (40960K), 3 survivors (3072K)
 Metaspace       used 76789K, committed 78784K, reserved 1179648K
  class space    used 11012K, committed 11968K, reserved 1048576K
}
Event: 75.149 GC heap after
{Heap after GC invocations=32 (full 0):
 garbage-first heap   total reserved 2097152K, committed 168960K, used 125332K [0x0000000080000000, 0x0000000100000000)
  region size 1024K, 6 young (6144K), 6 survivors (6144K)
 Metaspace       used 76789K, committed 78784K, reserved 1179648K
  class space    used 11012K, committed 11968K, reserved 1048576K
}
Event: 95.816 GC heap before
{Heap before GC invocations=32 (full 0):
 garbage-first heap   total reserved 2097152K, committed 168960K, used 151956K [0x0000000080000000, 0x0000000100000000)
  region size 1024K, 33 young (33792K), 6 survivors (6144K)
 Metaspace       used 79022K, committed 81088K, reserved 1179648K
  class space    used 11333K, committed 12288K, reserved 1048576K
}
Event: 96.076 GC heap after
{Heap after GC invocations=33 (full 0):
 garbage-first heap   total reserved 2097152K, committed 202752K, used 127933K [0x0000000080000000, 0x0000000100000000)
  region size 1024K, 3 young (3072K), 3 survivors (3072K)
 Metaspace       used 79022K, committed 81088K, reserved 1179648K
  class space    used 11333K, committed 12288K, reserved 1048576K
}
Event: 102.156 GC heap before
{Heap before GC invocations=34 (full 0):
 garbage-first heap   total reserved 2097152K, committed 215040K, used 185277K [0x0000000080000000, 0x0000000100000000)
  region size 1024K, 56 young (57344K), 3 survivors (3072K)
 Metaspace       used 80208K, committed 82304K, reserved 1179648K
  class space    used 11500K, committed 12480K, reserved 1048576K
}
Event: 102.266 GC heap after
{Heap after GC invocations=35 (full 0):
 garbage-first heap   total reserved 2097152K, committed 215040K, used 145920K [0x0000000080000000, 0x0000000100000000)
  region size 1024K, 7 young (7168K), 7 survivors (7168K)
 Metaspace       used 80208K, committed 82304K, reserved 1179648K
  class space    used 11500K, committed 12480K, reserved 1048576K
}
Event: 102.400 GC heap before
{Heap before GC invocations=35 (full 0):
 garbage-first heap   total reserved 2097152K, committed 215040K, used 148992K [0x0000000080000000, 0x0000000100000000)
  region size 1024K, 10 young (10240K), 7 survivors (7168K)
 Metaspace       used 80208K, committed 82304K, reserved 1179648K
  class space    used 11500K, committed 12480K, reserved 1048576K
}
Event: 102.462 GC heap after
{Heap after GC invocations=36 (full 0):
 garbage-first heap   total reserved 2097152K, committed 215040K, used 147456K [0x0000000080000000, 0x0000000100000000)
  region size 1024K, 2 young (2048K), 2 survivors (2048K)
 Metaspace       used 80208K, committed 82304K, reserved 1179648K
  class space    used 11500K, committed 12480K, reserved 1048576K
}
Event: 103.632 GC heap before
{Heap before GC invocations=36 (full 0):
 garbage-first heap   total reserved 2097152K, committed 215040K, used 156672K [0x0000000080000000, 0x0000000100000000)
  region size 1024K, 12 young (12288K), 2 survivors (2048K)
 Metaspace       used 80208K, committed 82304K, reserved 1179648K
  class space    used 11500K, committed 12480K, reserved 1048576K
}
Event: 103.698 GC heap after
{Heap after GC invocations=37 (full 0):
 garbage-first heap   total reserved 2097152K, committed 215040K, used 150016K [0x0000000080000000, 0x0000000100000000)
  region size 1024K, 2 young (2048K), 2 survivors (2048K)
 Metaspace       used 80208K, committed 82304K, reserved 1179648K
  class space    used 11500K, committed 12480K, reserved 1048576K
}
Event: 110.122 GC heap before
{Heap before GC invocations=37 (full 0):
 garbage-first heap   total reserved 2097152K, committed 215040K, used 188928K [0x0000000080000000, 0x0000000100000000)
  region size 1024K, 41 young (41984K), 2 survivors (2048K)
 Metaspace       used 80228K, committed 82304K, reserved 1179648K
  class space    used 11500K, committed 12480K, reserved 1048576K
}
Event: 110.159 GC heap after
{Heap after GC invocations=38 (full 0):
 garbage-first heap   total reserved 2097152K, committed 215040K, used 151903K [0x0000000080000000, 0x0000000100000000)
  region size 1024K, 4 young (4096K), 4 survivors (4096K)
 Metaspace       used 80228K, committed 82304K, reserved 1179648K
  class space    used 11500K, committed 12480K, reserved 1048576K
}
Event: 115.099 GC heap before
{Heap before GC invocations=38 (full 0):
 garbage-first heap   total reserved 2097152K, committed 215040K, used 192863K [0x0000000080000000, 0x0000000100000000)
  region size 1024K, 45 young (46080K), 4 survivors (4096K)
 Metaspace       used 80229K, committed 82304K, reserved 1179648K
  class space    used 11500K, committed 12480K, reserved 1048576K
}
Event: 115.129 GC heap after
{Heap after GC invocations=39 (full 0):
 garbage-first heap   total reserved 2097152K, committed 215040K, used 154273K [0x0000000080000000, 0x0000000100000000)
  region size 1024K, 4 young (4096K), 4 survivors (4096K)
 Metaspace       used 80229K, committed 82304K, reserved 1179648K
  class space    used 11500K, committed 12480K, reserved 1048576K
}
Event: 120.053 GC heap before
{Heap before GC invocations=39 (full 0):
 garbage-first heap   total reserved 2097152K, committed 215040K, used 196257K [0x0000000080000000, 0x0000000100000000)
  region size 1024K, 45 young (46080K), 4 survivors (4096K)
 Metaspace       used 80231K, committed 82304K, reserved 1179648K
  class space    used 11500K, committed 12480K, reserved 1048576K
}
Event: 120.110 GC heap after
{Heap after GC invocations=40 (full 0):
 garbage-first heap   total reserved 2097152K, committed 215040K, used 156759K [0x0000000080000000, 0x0000000100000000)
  region size 1024K, 5 young (5120K), 5 survivors (5120K)
 Metaspace       used 80231K, committed 82304K, reserved 1179648K
  class space    used 11500K, committed 12480K, reserved 1048576K
}
Event: 124.447 GC heap before
{Heap before GC invocations=41 (full 0):
 garbage-first heap   total reserved 2097152K, committed 260096K, used 192599K [0x0000000080000000, 0x0000000100000000)
  region size 1024K, 42 young (43008K), 5 survivors (5120K)
 Metaspace       used 80231K, committed 82304K, reserved 1179648K
  class space    used 11500K, committed 12480K, reserved 1048576K
}
Event: 124.497 GC heap after
{Heap after GC invocations=42 (full 0):
 garbage-first heap   total reserved 2097152K, committed 260096K, used 156315K [0x0000000080000000, 0x0000000100000000)
  region size 1024K, 4 young (4096K), 4 survivors (4096K)
 Metaspace       used 80231K, committed 82304K, reserved 1179648K
  class space    used 11500K, committed 12480K, reserved 1048576K
}
Event: 125.746 GC heap before
{Heap before GC invocations=42 (full 0):
 garbage-first heap   total reserved 2097152K, committed 260096K, used 184987K [0x0000000080000000, 0x0000000100000000)
  region size 1024K, 32 young (32768K), 4 survivors (4096K)
 Metaspace       used 80232K, committed 82304K, reserved 1179648K
  class space    used 11500K, committed 12480K, reserved 1048576K
}

