# JRE version: OpenJDK Runtime Environment (23.0+37) (build 23+37-2369)
# Java VM: OpenJDK 64-Bit Server VM (23+37-2369, mixed mode, sharing, tiered, compressed oops, compressed class ptrs, g1 gc, windows-amd64)
GC Precious Log:
 CardTable entry size: 512
 Card Set container configuration: InlinePtr #cards 5 size 8 Array Of Cards #cards 10 size 36 Howl #buckets 4 coarsen threshold 1843 Howl Bitmap #cards 512 size 80 coarsen threshold 460 Card regions per heap region 1 cards per card region 2048
 CPUs: 2 total, 2 available
 Memory: 3737M
 Large Page Support: Disabled
 NUMA Support: Disabled
 Compressed Oops: Enabled (32-bit)
 Heap Region Size: 1M
 Heap Min Capacity: 8M
 Heap Initial Capacity: 60M
 Heap Max Capacity: 2G
 Pre-touch: Disabled
 Parallel Workers: 2
 Concurrent Workers: 1
 Concurrent Refinement Workers: 2
 Periodic GC: Disabled
Heap:
 garbage-first heap   total reserved 2097152K, committed 368640K, used 239357K [0x0000000080000000, 0x0000000100000000)
  region size 1024K, 3 young (3072K), 3 survivors (3072K)
 Metaspace       used 109088K, committed 111296K, reserved 1179648K
  class space    used 14923K, committed 16000K, reserved 1048576K
GC Heap History (20 events):
Event: 611.533 GC heap after
{Heap after GC invocations=49 (full 0):
 garbage-first heap   total reserved 2097152K, committed 295936K, used 192512K [0x0000000080000000, 0x0000000100000000)
  region size 1024K, 11 young (11264K), 11 survivors (11264K)
 Metaspace       used 103232K, committed 105408K, reserved 1179648K
  class space    used 14267K, committed 15296K, reserved 1048576K
}
Event: 612.762 GC heap before
{Heap before GC invocations=49 (full 0):
 garbage-first heap   total reserved 2097152K, committed 295936K, used 196608K [0x0000000080000000, 0x0000000100000000)
  region size 1024K, 15 young (15360K), 11 survivors (11264K)
 Metaspace       used 103441K, committed 105664K, reserved 1179648K
  class space    used 14291K, committed 15360K, reserved 1048576K
}
Event: 612.876 GC heap after
{Heap after GC invocations=50 (full 0):
 garbage-first heap   total reserved 2097152K, committed 295936K, used 193536K [0x0000000080000000, 0x0000000100000000)
  region size 1024K, 1 young (1024K), 1 survivors (1024K)
 Metaspace       used 103441K, committed 105664K, reserved 1179648K
  class space    used 14291K, committed 15360K, reserved 1048576K
}
Event: 614.901 GC heap before
{Heap before GC invocations=51 (full 0):
 garbage-first heap   total reserved 2097152K, committed 322560K, used 227328K [0x0000000080000000, 0x0000000100000000)
  region size 1024K, 34 young (34816K), 1 survivors (1024K)
 Metaspace       used 103503K, committed 105728K, reserved 1179648K
  class space    used 14295K, committed 15360K, reserved 1048576K
}
Event: 614.957 GC heap after
{Heap after GC invocations=52 (full 0):
 garbage-first heap   total reserved 2097152K, committed 322560K, used 199680K [0x0000000080000000, 0x0000000100000000)
  region size 1024K, 5 young (5120K), 5 survivors (5120K)
 Metaspace       used 103503K, committed 105728K, reserved 1179648K
  class space    used 14295K, committed 15360K, reserved 1048576K
}
Event: 616.154 GC heap before
{Heap before GC invocations=52 (full 0):
 garbage-first heap   total reserved 2097152K, committed 322560K, used 209920K [0x0000000080000000, 0x0000000100000000)
  region size 1024K, 15 young (15360K), 5 survivors (5120K)
 Metaspace       used 104048K, committed 106304K, reserved 1179648K
  class space    used 14393K, committed 15488K, reserved 1048576K
}
Event: 616.196 GC heap after
{Heap after GC invocations=53 (full 0):
 garbage-first heap   total reserved 2097152K, committed 322560K, used 201603K [0x0000000080000000, 0x0000000100000000)
  region size 1024K, 2 young (2048K), 2 survivors (2048K)
 Metaspace       used 104048K, committed 106304K, reserved 1179648K
  class space    used 14393K, committed 15488K, reserved 1048576K
}
Event: 617.259 GC heap before
{Heap before GC invocations=53 (full 0):
 garbage-first heap   total reserved 2097152K, committed 322560K, used 213891K [0x0000000080000000, 0x0000000100000000)
  region size 1024K, 15 young (15360K), 2 survivors (2048K)
 Metaspace       used 104195K, committed 106432K, reserved 1179648K
  class space    used 14396K, committed 15488K, reserved 1048576K
}
Event: 617.278 GC heap after
{Heap after GC invocations=54 (full 0):
 garbage-first heap   total reserved 2097152K, committed 322560K, used 202452K [0x0000000080000000, 0x0000000100000000)
  region size 1024K, 2 young (2048K), 2 survivors (2048K)
 Metaspace       used 104195K, committed 106432K, reserved 1179648K
  class space    used 14396K, committed 15488K, reserved 1048576K
}
Event: 619.744 GC heap before
{Heap before GC invocations=54 (full 0):
 garbage-first heap   total reserved 2097152K, committed 322560K, used 242388K [0x0000000080000000, 0x0000000100000000)
  region size 1024K, 43 young (44032K), 2 survivors (2048K)
 Metaspace       used 107146K, committed 109376K, reserved 1179648K
  class space    used 14770K, committed 15872K, reserved 1048576K
}
Event: 619.785 GC heap after
{Heap after GC invocations=55 (full 0):
 garbage-first heap   total reserved 2097152K, committed 322560K, used 211447K [0x0000000080000000, 0x0000000100000000)
  region size 1024K, 10 young (10240K), 10 survivors (10240K)
 Metaspace       used 107146K, committed 109376K, reserved 1179648K
  class space    used 14770K, committed 15872K, reserved 1048576K
}
Event: 624.460 GC heap before
{Heap before GC invocations=56 (full 0):
 garbage-first heap   total reserved 2097152K, committed 368640K, used 268791K [0x0000000080000000, 0x0000000100000000)
  region size 1024K, 51 young (52224K), 10 survivors (10240K)
 Metaspace       used 107669K, committed 109952K, reserved 1179648K
  class space    used 14815K, committed 15936K, reserved 1048576K
}
Event: 624.541 GC heap after
{Heap after GC invocations=57 (full 0):
 garbage-first heap   total reserved 2097152K, committed 368640K, used 228864K [0x0000000080000000, 0x0000000100000000)
  region size 1024K, 7 young (7168K), 7 survivors (7168K)
 Metaspace       used 107669K, committed 109952K, reserved 1179648K
  class space    used 14815K, committed 15936K, reserved 1048576K
}
Event: 625.934 GC heap before
{Heap before GC invocations=57 (full 0):
 garbage-first heap   total reserved 2097152K, committed 368640K, used 240128K [0x0000000080000000, 0x0000000100000000)
  region size 1024K, 18 young (18432K), 7 survivors (7168K)
 Metaspace       used 107739K, committed 110080K, reserved 1179648K
  class space    used 14815K, committed 15936K, reserved 1048576K
}
Event: 625.977 GC heap after
{Heap after GC invocations=58 (full 0):
 garbage-first heap   total reserved 2097152K, committed 368640K, used 230912K [0x0000000080000000, 0x0000000100000000)
  region size 1024K, 3 young (3072K), 3 survivors (3072K)
 Metaspace       used 107739K, committed 110080K, reserved 1179648K
  class space    used 14815K, committed 15936K, reserved 1048576K
}
Event: 627.020 GC heap before
{Heap before GC invocations=58 (full 0):
 garbage-first heap   total reserved 2097152K, committed 368640K, used 246272K [0x0000000080000000, 0x0000000100000000)
  region size 1024K, 18 young (18432K), 3 survivors (3072K)
 Metaspace       used 107828K, committed 110144K, reserved 1179648K
  class space    used 14824K, committed 15936K, reserved 1048576K
}
Event: 627.047 GC heap after
{Heap after GC invocations=59 (full 0):
 garbage-first heap   total reserved 2097152K, committed 368640K, used 234496K [0x0000000080000000, 0x0000000100000000)
  region size 1024K, 3 young (3072K), 3 survivors (3072K)
 Metaspace       used 107828K, committed 110144K, reserved 1179648K
  class space    used 14824K, committed 15936K, reserved 1048576K
}
Event: 628.120 GC heap before
{Heap before GC invocations=59 (full 0):
 garbage-first heap   total reserved 2097152K, committed 368640K, used 264192K [0x0000000080000000, 0x0000000100000000)
  region size 1024K, 18 young (18432K), 3 survivors (3072K)
 Metaspace       used 108101K, committed 110400K, reserved 1179648K
  class space    used 14854K, committed 15936K, reserved 1048576K
}
Event: 628.201 GC heap after
{Heap after GC invocations=60 (full 0):
 garbage-first heap   total reserved 2097152K, committed 368640K, used 235947K [0x0000000080000000, 0x0000000100000000)
  region size 1024K, 2 young (2048K), 2 survivors (2048K)
 Metaspace       used 108101K, committed 110400K, reserved 1179648K
  class space    used 14854K, committed 15936K, reserved 1048576K
}
Event: 629.395 GC heap before
{Heap before GC invocations=60 (full 0):
 garbage-first heap   total reserved 2097152K, committed 368640K, used 257451K [0x0000000080000000, 0x0000000100000000)
  region size 1024K, 24 young (24576K), 2 survivors (2048K)
 Metaspace       used 109088K, committed 111296K, reserved 1179648K
  class space    used 14923K, committed 16000K, reserved 1048576K
}

